2025/03/17 23:44:45 [warn] 1744#5380: Blog base path not configured, using default value
2025/03/17 23:44:45 [notice] 1744#5380: using the "select" event method
2025/03/17 23:44:45 [notice] 1744#5380: nginx/1.27.5
2025/03/17 23:44:45 [info] 1744#5380: OS: 260200 build:9200, "", suite:100, type:1
2025/03/17 23:44:45 [notice] 1744#5380: create thread 14060
2025/03/17 23:44:49 [info] 1744#14060: *1 处理请求: /api/admin/posts, 方法: 8, client: 127.0.0.1, server: localhost, request: "POST /api/admin/posts HTTP/1.1", host: "127.0.0.1"
2025/03/17 23:44:49 [debug] 1744#14060: *1 路由器中注册的路由数量: 13
2025/03/17 23:44:49 [info] 1744#14060: Registered route: [GET] /*
2025/03/17 23:44:49 [info] 1744#14060: Registered route: [GET] /api/posts
2025/03/17 23:44:49 [info] 1744#14060: Registered route: [GET] /api/posts/:id
2025/03/17 23:44:49 [info] 1744#14060: Registered route: [GET] /api/categories/:category
2025/03/17 23:44:49 [info] 1744#14060: Registered route: [GET] /api/tags/:tag
2025/03/17 23:44:49 [info] 1744#14060: Registered route: [GET] /api/admin
2025/03/17 23:44:49 [info] 1744#14060: Registered route: [GET] /api/admin/stats
2025/03/17 23:44:49 [info] 1744#14060: Registered route: [GET] /api/admin/posts/:id/edit
2025/03/17 23:44:49 [info] 1744#14060: Registered route: [POST] /api/admin/posts
2025/03/17 23:44:49 [info] 1744#14060: Registered route: [PUT] /api/admin/posts/:id
2025/03/17 23:44:49 [info] 1744#14060: Registered route: [DELETE] /api/admin/posts/:id
2025/03/17 23:44:49 [info] 1744#14060: Registered route: [GET] /blog
2025/03/17 23:44:49 [info] 1744#14060: Registered route: [ANY] /api/*
2025/03/17 23:44:49 [debug] 1744#14060: *1 尝试与路由 'GET /*' 匹配
2025/03/17 23:44:49 [debug] 1744#14060: *1 尝试与路由 'GET /api/posts' 匹配
2025/03/17 23:44:49 [debug] 1744#14060: *1 尝试与路由 'GET /api/posts/:id' 匹配
2025/03/17 23:44:49 [debug] 1744#14060: *1 尝试与路由 'GET /api/categories/:category' 匹配
2025/03/17 23:44:49 [debug] 1744#14060: *1 尝试与路由 'GET /api/tags/:tag' 匹配
2025/03/17 23:44:49 [debug] 1744#14060: *1 尝试与路由 'GET /api/admin' 匹配
2025/03/17 23:44:49 [debug] 1744#14060: *1 尝试与路由 'GET /api/admin/stats' 匹配
2025/03/17 23:44:49 [debug] 1744#14060: *1 尝试与路由 'GET /api/admin/posts/:id/edit' 匹配
2025/03/17 23:44:49 [debug] 1744#14060: *1 尝试与路由 'POST /api/admin/posts' 匹配
2025/03/17 23:44:49 [debug] 1744#14060: *1 尝试与路由 'PUT /api/admin/posts/:id' 匹配
2025/03/17 23:44:49 [debug] 1744#14060: *1 尝试与路由 'DELETE /api/admin/posts/:id' 匹配
2025/03/17 23:44:49 [debug] 1744#14060: *1 尝试与路由 'GET /blog' 匹配
2025/03/17 23:44:49 [debug] 1744#14060: *1 尝试与路由 'UNKNOWN /api/*' 匹配
2025/03/17 23:44:49 [debug] 1744#14060: *1 Trying to match route: /api/admin/posts
2025/03/17 23:44:49 [debug] 1744#14060: *1 Checking route: GET /*
2025/03/17 23:44:49 [debug] 1744#14060: *1 Checking route: GET /api/posts
2025/03/17 23:44:49 [debug] 1744#14060: *1 Checking route: GET /api/posts/:id
2025/03/17 23:44:49 [debug] 1744#14060: *1 Checking route: GET /api/categories/:category
2025/03/17 23:44:49 [debug] 1744#14060: *1 Checking route: GET /api/tags/:tag
2025/03/17 23:44:49 [debug] 1744#14060: *1 Checking route: GET /api/admin
2025/03/17 23:44:49 [debug] 1744#14060: *1 Checking route: GET /api/admin/stats
2025/03/17 23:44:49 [debug] 1744#14060: *1 Checking route: GET /api/admin/posts/:id/edit
2025/03/17 23:44:49 [debug] 1744#14060: *1 Checking route: POST /api/admin/posts
2025/03/17 23:44:49 [debug] 1744#14060: *1 Checking route: PUT /api/admin/posts/:id
2025/03/17 23:44:49 [debug] 1744#14060: *1 Checking route: DELETE /api/admin/posts/:id
2025/03/17 23:44:49 [debug] 1744#14060: *1 Checking route: GET /blog
2025/03/17 23:44:49 [debug] 1744#14060: *1 Checking route: UNKNOWN /api/*
2025/03/17 23:44:49 [debug] 1744#14060: *1 HTTP method mismatch: 2 != 8
2025/03/17 23:44:49 [debug] 1744#14060: *1 HTTP method mismatch: 2 != 8
2025/03/17 23:44:49 [debug] 1744#14060: *1 HTTP method mismatch: 2 != 8
2025/03/17 23:44:49 [debug] 1744#14060: *1 HTTP method mismatch: 2 != 8
2025/03/17 23:44:49 [debug] 1744#14060: *1 HTTP method mismatch: 2 != 8
2025/03/17 23:44:49 [debug] 1744#14060: *1 HTTP method mismatch: 2 != 8
2025/03/17 23:44:49 [debug] 1744#14060: *1 HTTP method mismatch: 2 != 8
2025/03/17 23:44:49 [debug] 1744#14060: *1 HTTP method mismatch: 2 != 8
2025/03/17 23:44:49 [debug] 1744#14060: 尝试匹配: URI=/api/admin/posts 与模式=/api/admin/posts
2025/03/17 23:44:49 [debug] 1744#14060: 完全匹配成功: URI=/api/admin/posts 与模式=/api/admin/posts
2025/03/17 23:44:49 [debug] 1744#14060: *1 Found matching route: /api/admin/posts
2025/03/17 23:44:49 [info] 1744#14060: *1 找到匹配的路由处理器，执行处理, client: 127.0.0.1, server: localhost, request: "POST /api/admin/posts HTTP/1.1", host: "127.0.0.1"
2025/03/17 23:44:49 [info] 1744#14060: *1 处理添加文章API请求, client: 127.0.0.1, server: localhost, request: "POST /api/admin/posts HTTP/1.1", host: "127.0.0.1"
2025/03/17 23:44:49 [info] 1744#14060: *1 请求体未读取，现在自动读取, client: 127.0.0.1, server: localhost, request: "POST /api/admin/posts HTTP/1.1", host: "127.0.0.1"
2025/03/17 23:49:04 [warn] 21624#22028: Blog base path not configured, using default value
2025/03/17 23:49:04 [notice] 21624#22028: using the "select" event method
2025/03/17 23:49:04 [notice] 21624#22028: nginx/1.27.5
2025/03/17 23:49:04 [info] 21624#22028: OS: 260200 build:9200, "", suite:100, type:1
2025/03/17 23:49:04 [notice] 21624#22028: create thread 21388
2025/03/17 23:49:17 [info] 21624#21388: *1 处理请求: /api/admin/posts, 方法: 8, client: 127.0.0.1, server: localhost, request: "POST /api/admin/posts HTTP/1.1", host: "127.0.0.1"
2025/03/17 23:49:17 [debug] 21624#21388: *1 路由器中注册的路由数量: 13
2025/03/17 23:49:17 [info] 21624#21388: Registered route: [GET] /*
2025/03/17 23:49:17 [info] 21624#21388: Registered route: [GET] /api/posts
2025/03/17 23:49:17 [info] 21624#21388: Registered route: [GET] /api/posts/:id
2025/03/17 23:49:17 [info] 21624#21388: Registered route: [GET] /api/categories/:category
2025/03/17 23:49:17 [info] 21624#21388: Registered route: [GET] /api/tags/:tag
2025/03/17 23:49:17 [info] 21624#21388: Registered route: [GET] /api/admin
2025/03/17 23:49:17 [info] 21624#21388: Registered route: [GET] /api/admin/stats
2025/03/17 23:49:17 [info] 21624#21388: Registered route: [GET] /api/admin/posts/:id/edit
2025/03/17 23:49:17 [info] 21624#21388: Registered route: [POST] /api/admin/posts
2025/03/17 23:49:17 [info] 21624#21388: Registered route: [PUT] /api/admin/posts/:id
2025/03/17 23:49:17 [info] 21624#21388: Registered route: [DELETE] /api/admin/posts/:id
2025/03/17 23:49:17 [info] 21624#21388: Registered route: [GET] /blog
2025/03/17 23:49:17 [info] 21624#21388: Registered route: [ANY] /api/*
2025/03/17 23:49:17 [debug] 21624#21388: *1 尝试与路由 'GET /*' 匹配
2025/03/17 23:49:17 [debug] 21624#21388: *1 尝试与路由 'GET /api/posts' 匹配
2025/03/17 23:49:17 [debug] 21624#21388: *1 尝试与路由 'GET /api/posts/:id' 匹配
2025/03/17 23:49:17 [debug] 21624#21388: *1 尝试与路由 'GET /api/categories/:category' 匹配
2025/03/17 23:49:17 [debug] 21624#21388: *1 尝试与路由 'GET /api/tags/:tag' 匹配
2025/03/17 23:49:17 [debug] 21624#21388: *1 尝试与路由 'GET /api/admin' 匹配
2025/03/17 23:49:17 [debug] 21624#21388: *1 尝试与路由 'GET /api/admin/stats' 匹配
2025/03/17 23:49:17 [debug] 21624#21388: *1 尝试与路由 'GET /api/admin/posts/:id/edit' 匹配
2025/03/17 23:49:17 [debug] 21624#21388: *1 尝试与路由 'POST /api/admin/posts' 匹配
2025/03/17 23:49:17 [debug] 21624#21388: *1 尝试与路由 'PUT /api/admin/posts/:id' 匹配
2025/03/17 23:49:17 [debug] 21624#21388: *1 尝试与路由 'DELETE /api/admin/posts/:id' 匹配
2025/03/17 23:49:17 [debug] 21624#21388: *1 尝试与路由 'GET /blog' 匹配
2025/03/17 23:49:17 [debug] 21624#21388: *1 尝试与路由 'UNKNOWN /api/*' 匹配
2025/03/17 23:49:17 [debug] 21624#21388: *1 Trying to match route: /api/admin/posts
2025/03/17 23:49:17 [debug] 21624#21388: *1 Checking route: GET /*
2025/03/17 23:49:17 [debug] 21624#21388: *1 Checking route: GET /api/posts
2025/03/17 23:49:17 [debug] 21624#21388: *1 Checking route: GET /api/posts/:id
2025/03/17 23:49:17 [debug] 21624#21388: *1 Checking route: GET /api/categories/:category
2025/03/17 23:49:17 [debug] 21624#21388: *1 Checking route: GET /api/tags/:tag
2025/03/17 23:49:17 [debug] 21624#21388: *1 Checking route: GET /api/admin
2025/03/17 23:49:17 [debug] 21624#21388: *1 Checking route: GET /api/admin/stats
2025/03/17 23:49:17 [debug] 21624#21388: *1 Checking route: GET /api/admin/posts/:id/edit
2025/03/17 23:49:17 [debug] 21624#21388: *1 Checking route: POST /api/admin/posts
2025/03/17 23:49:17 [debug] 21624#21388: *1 Checking route: PUT /api/admin/posts/:id
2025/03/17 23:49:17 [debug] 21624#21388: *1 Checking route: DELETE /api/admin/posts/:id
2025/03/17 23:49:17 [debug] 21624#21388: *1 Checking route: GET /blog
2025/03/17 23:49:17 [debug] 21624#21388: *1 Checking route: UNKNOWN /api/*
2025/03/17 23:49:17 [debug] 21624#21388: *1 HTTP method mismatch: 2 != 8
2025/03/17 23:49:17 [debug] 21624#21388: *1 HTTP method mismatch: 2 != 8
2025/03/17 23:49:17 [debug] 21624#21388: *1 HTTP method mismatch: 2 != 8
2025/03/17 23:49:17 [debug] 21624#21388: *1 HTTP method mismatch: 2 != 8
2025/03/17 23:49:17 [debug] 21624#21388: *1 HTTP method mismatch: 2 != 8
2025/03/17 23:49:17 [debug] 21624#21388: *1 HTTP method mismatch: 2 != 8
2025/03/17 23:49:17 [debug] 21624#21388: *1 HTTP method mismatch: 2 != 8
2025/03/17 23:49:17 [debug] 21624#21388: *1 HTTP method mismatch: 2 != 8
2025/03/17 23:49:17 [debug] 21624#21388: 尝试匹配: URI=/api/admin/posts 与模式=/api/admin/posts
2025/03/17 23:49:17 [debug] 21624#21388: 完全匹配成功: URI=/api/admin/posts 与模式=/api/admin/posts
2025/03/17 23:49:17 [debug] 21624#21388: *1 Found matching route: /api/admin/posts
2025/03/17 23:49:17 [info] 21624#21388: *1 找到匹配的路由处理器，执行处理, client: 127.0.0.1, server: localhost, request: "POST /api/admin/posts HTTP/1.1", host: "127.0.0.1"
2025/03/17 23:49:17 [info] 21624#21388: *1 处理添加文章API请求, client: 127.0.0.1, server: localhost, request: "POST /api/admin/posts HTTP/1.1", host: "127.0.0.1"
2025/03/17 23:49:17 [info] 21624#21388: *1 请求体未读取，现在自动读取, client: 127.0.0.1, server: localhost, request: "POST /api/admin/posts HTTP/1.1", host: "127.0.0.1"
2025/03/18 08:51:41 [warn] 10612#10796: Blog base path not configured, using default value
2025/03/18 08:51:41 [notice] 10612#10796: using the "select" event method
2025/03/18 08:51:41 [notice] 10612#10796: nginx/1.27.5
2025/03/18 08:51:41 [info] 10612#10796: OS: 260200 build:9200, "", suite:100, type:1
2025/03/18 08:51:41 [notice] 10612#10796: create thread 20660
2025/03/18 08:51:48 [notice] 10612#4564: console closing, exiting
2025/03/18 10:50:26 [warn] 9184#16776: Blog base path not configured, using default value
2025/03/18 10:50:26 [notice] 9184#16776: using the "select" event method
2025/03/18 10:50:26 [notice] 9184#16776: nginx/1.27.5
2025/03/18 10:50:26 [info] 9184#16776: OS: 260200 build:9200, "", suite:100, type:1
2025/03/18 10:50:26 [notice] 9184#16776: create thread 4972
